
FAILURE: Build failed with an exception.

* What went wrong:
Task 'bootrun' not found in root project 'ubuntu'.

* Try:
Run gradle tasks to get a list of available tasks. Run with --stacktrace option to get the stack trace. Run with --info or --debug option to get more log output.

BUILD FAILED

Total time: 2.328 secs

FAILURE: Build failed with an exception.

* What went wrong:
Task 'bootrun' not found in root project 'ubuntu'.

* Try:
Run gradle tasks to get a list of available tasks. Run with --stacktrace option to get the stack trace. Run with --info or --debug option to get more log output.

BUILD FAILED

Total time: 2.415 secs
